<?xml version="1.0" encoding="UTF-8"?>
<testng-results skipped="0" failed="0" ignored="0" total="1" passed="1">
  <reporter-output>
  </reporter-output>
  <suite name="WebDriverTest" duration-ms="35931" started-at="2020-12-10T23:15:28 MSK" finished-at="2020-12-10T23:16:04 MSK">
    <groups>
    </groups>
    <test name="Command line test" duration-ms="35931" started-at="2020-12-10T23:15:28 MSK" finished-at="2020-12-10T23:16:04 MSK">
      <class name="WebDriverTest">
        <test-method status="PASS" signature="start()[pri:0, instance:WebDriverTest@146ba0ac]" name="start" is-config="true" duration-ms="4420" started-at="2020-12-10T23:15:28 MSK" finished-at="2020-12-10T23:15:32 MSK">
          <reporter-output>
          </reporter-output>
        </test-method> <!-- start -->
        <test-method status="PASS" signature="searchWithParameter()[pri:0, instance:WebDriverTest@146ba0ac]" name="searchWithParameter" duration-ms="30706" started-at="2020-12-10T23:15:32 MSK" finished-at="2020-12-10T23:16:03 MSK">
          <reporter-output>
          </reporter-output>
        </test-method> <!-- searchWithParameter -->
        <test-method status="PASS" signature="finish()[pri:0, instance:WebDriverTest@146ba0ac]" name="finish" is-config="true" duration-ms="754" started-at="2020-12-10T23:16:03 MSK" finished-at="2020-12-10T23:16:04 MSK">
          <reporter-output>
          </reporter-output>
        </test-method> <!-- finish -->
      </class> <!-- WebDriverTest -->
    </test> <!-- Command line test -->
  </suite> <!-- WebDriverTest -->
</testng-results>
