<?xml version="1.0" encoding="UTF-8"?>
<testng-results skipped="0" failed="0" ignored="0" total="1" passed="1">
  <reporter-output>
  </reporter-output>
  <suite name="KamilMarketTest" duration-ms="54519" started-at="2020-12-11T01:46:21 MSK" finished-at="2020-12-11T01:47:16 MSK">
    <groups>
    </groups>
    <test name="Command line test" duration-ms="54519" started-at="2020-12-11T01:46:21 MSK" finished-at="2020-12-11T01:47:16 MSK">
      <class name="KamilMarketTest">
        <test-method status="PASS" signature="init()[pri:0, instance:KamilMarketTest@e25b2fe]" name="init" is-config="true" duration-ms="3564" started-at="2020-12-11T01:46:21 MSK" finished-at="2020-12-11T01:46:25 MSK">
          <reporter-output>
          </reporter-output>
        </test-method> <!-- init -->
        <test-method status="PASS" signature="addMoreThanMaxValue()[pri:0, instance:KamilMarketTest@e25b2fe]" name="addMoreThanMaxValue" duration-ms="50937" started-at="2020-12-11T01:46:25 MSK" finished-at="2020-12-11T01:47:16 MSK">
          <reporter-output>
          </reporter-output>
        </test-method> <!-- addMoreThanMaxValue -->
        <test-method status="PASS" signature="closeDriver()[pri:0, instance:KamilMarketTest@e25b2fe]" name="closeDriver" is-config="true" duration-ms="0" started-at="2020-12-11T01:47:16 MSK" finished-at="2020-12-11T01:47:16 MSK">
          <reporter-output>
          </reporter-output>
        </test-method> <!-- closeDriver -->
      </class> <!-- KamilMarketTest -->
    </test> <!-- Command line test -->
  </suite> <!-- KamilMarketTest -->
</testng-results>
